<?xml version="1.0" encoding="UTF-8"?>
<testng-results ignored="0" total="1" passed="1" failed="0" skipped="0">
  <reporter-output>
  </reporter-output>
  <suite started-at="2024-01-30T14:49:59 IST" name="Default suite" finished-at="2024-01-30T14:50:09 IST" duration-ms="10504">
    <groups>
    </groups>
    <test started-at="2024-01-30T14:49:59 IST" name="Default test" finished-at="2024-01-30T14:50:09 IST" duration-ms="10504">
      <class name="devaltetxtAutomation.altTextAutomation">
        <test-method is-config="true" signature="setup()[pri:0, instance:devaltetxtAutomation.altTextAutomation@5562c41e]" started-at="2024-01-30T14:49:59 IST" name="setup" finished-at="2024-01-30T14:50:01 IST" duration-ms="2300" status="PASS">
          <reporter-output>
          </reporter-output>
        </test-method> <!-- setup -->
        <test-method signature="myFunction()[pri:0, instance:devaltetxtAutomation.altTextAutomation@5562c41e]" started-at="2024-01-30T14:50:01 IST" name="myFunction" finished-at="2024-01-30T14:50:09 IST" duration-ms="8054" status="PASS">
          <reporter-output>
          </reporter-output>
        </test-method> <!-- myFunction -->
        <test-method is-config="true" signature="tearDown()[pri:0, instance:devaltetxtAutomation.altTextAutomation@5562c41e]" started-at="2024-01-30T14:50:09 IST" name="tearDown" finished-at="2024-01-30T14:50:09 IST" duration-ms="122" status="PASS">
          <reporter-output>
          </reporter-output>
        </test-method> <!-- tearDown -->
      </class> <!-- devaltetxtAutomation.altTextAutomation -->
    </test> <!-- Default test -->
  </suite> <!-- Default suite -->
</testng-results>
