<?xml version="1.0" encoding="UTF-8"?>
<testng-results ignored="0" total="1" passed="1" failed="0" skipped="0">
  <reporter-output>
  </reporter-output>
  <suite started-at="2024-01-30T13:10:12 IST" name="Suite" finished-at="2024-01-30T13:10:21 IST" duration-ms="8710">
    <groups>
    </groups>
    <test started-at="2024-01-30T13:10:12 IST" name="Test" finished-at="2024-01-30T13:10:21 IST" duration-ms="8710">
      <class name="devaltetxtAutomation.altTextAutomation">
        <test-method is-config="true" signature="setup()[pri:0, instance:devaltetxtAutomation.altTextAutomation@35aea049]" started-at="2024-01-30T13:10:12 IST" name="setup" finished-at="2024-01-30T13:10:15 IST" duration-ms="2735" status="PASS">
          <reporter-output>
          </reporter-output>
        </test-method> <!-- setup -->
        <test-method signature="myFunction()[pri:0, instance:devaltetxtAutomation.altTextAutomation@35aea049]" started-at="2024-01-30T13:10:15 IST" name="myFunction" finished-at="2024-01-30T13:10:21 IST" duration-ms="5689" status="PASS">
          <reporter-output>
          </reporter-output>
        </test-method> <!-- myFunction -->
        <test-method is-config="true" signature="tearDown()[pri:0, instance:devaltetxtAutomation.altTextAutomation@35aea049]" started-at="2024-01-30T13:10:21 IST" name="tearDown" finished-at="2024-01-30T13:10:21 IST" duration-ms="217" status="PASS">
          <reporter-output>
          </reporter-output>
        </test-method> <!-- tearDown -->
      </class> <!-- devaltetxtAutomation.altTextAutomation -->
    </test> <!-- Test -->
  </suite> <!-- Suite -->
</testng-results>
